.
в”њв”Ђв”Ђ 1.log
в”њв”Ђв”Ђ batch_result.csv
в”њв”Ђв”Ђ cmd.txt
в”њв”Ђв”Ђ config
в”‚В В  в”њв”Ђв”Ђ config.py
в”‚В В  в””в”Ђв”Ђ __pycache__
в”‚В В      в””в”Ђв”Ђ config.cpython-312.pyc
в”њв”Ђв”Ђ data
в”‚В В  в”њв”Ђв”Ђ calendar
в”‚В В  в”‚В В  в””в”Ђв”Ђ trade_days.csv
в”‚В В  в””в”Ђв”Ђ daily_market
в”‚В В      в””в”Ђв”Ђ 20260313.csv
в”њв”Ђв”Ђ main.py
в”њв”Ђв”Ђ pool.py
в”њв”Ђв”Ђ README.md
в”њв”Ђв”Ђ requirements.txt
в”њв”Ђв”Ђ scores_backtest.csv
в”њв”Ђв”Ђ scripts
в”њв”Ђв”Ђ src
в”‚В В  в”њв”Ђв”Ђ backtester.py
в”‚В В  в”њв”Ђв”Ђ config.py
в”‚В В  в”њв”Ђв”Ђ core
в”‚В В  в”‚В В  в”њв”Ђв”Ђ backtest.py
в”‚В В  в”‚В В  в”њв”Ђв”Ђ base_factor.py
в”‚В В  в”‚В В  в”њв”Ђв”Ђ factor_manager.py
в”‚В В  в”‚В В  в”њв”Ђв”Ђ __init__.py
в”‚В В  в”‚В В  в”њв”Ђв”Ђ __pycache__
в”‚В В  в”‚В В  в”‚В В  в”њв”Ђв”Ђ base_factor.cpython-312.pyc
в”‚В В  в”‚В В  в”‚В В  в”њв”Ђв”Ђ base_factor.cpython-313.pyc
в”‚В В  в”‚В В  в”‚В В  в”њв”Ђв”Ђ __init__.cpython-312.pyc
в”‚В В  в”‚В В  в”‚В В  в””в”Ђв”Ђ __init__.cpython-313.pyc
в”‚В В  в”‚В В  в””в”Ђв”Ђ scoring_engine.py
в”‚В В  в”њв”Ђв”Ђ datafactory
в”‚В В  в”‚В В  в”њв”Ђв”Ђ market_down.py
в”‚В В  в”‚В В  в””в”Ђв”Ђ trade_calendar.py
в”‚В В  в”њв”Ђв”Ђ data_fetcher.py
в”‚В В  в”њв”Ђв”Ђ factors
в”‚В В  в”‚В В  в”њв”Ђв”Ђ attention_factor.py
в”‚В В  в”‚В В  в”њв”Ђв”Ђ dividend_factor.py
в”‚В В  в”‚В В  в”њв”Ђв”Ђ dp_diff_factor.py
в”‚В В  в”‚В В  в”њв”Ђв”Ђ financial_factor.py
в”‚В В  в”‚В В  в”њв”Ђв”Ђ fiveday_factor.py
в”‚В В  в”‚В В  в”њв”Ђв”Ђ hy_diff_factor.py
в”‚В В  в”‚В В  в”њв”Ђв”Ђ __init__.py
в”‚В В  в”‚В В  в”њв”Ђв”Ђ news_factor.py
в”‚В В  в”‚В В  в”њв”Ђв”Ђ __pycache__
в”‚В В  в”‚В В  в”‚В В  в”њв”Ђв”Ђ attention_factor.cpython-312.pyc
в”‚В В  в”‚В В  в”‚В В  в”њв”Ђв”Ђ attention_factor.cpython-313.pyc
в”‚В В  в”‚В В  в”‚В В  в”њв”Ђв”Ђ dailych_factor.cpython-312.pyc
в”‚В В  в”‚В В  в”‚В В  в”њв”Ђв”Ђ dividend_factor.cpython-312.pyc
в”‚В В  в”‚В В  в”‚В В  в”њв”Ђв”Ђ dividend_factor.cpython-313.pyc
в”‚В В  в”‚В В  в”‚В В  в”њв”Ђв”Ђ dp_diff_factor.cpython-312.pyc
в”‚В В  в”‚В В  в”‚В В  в”њв”Ђв”Ђ dp_diff_factor.cpython-313.pyc
в”‚В В  в”‚В В  в”‚В В  в”њв”Ђв”Ђ financial_factor.cpython-312.pyc
в”‚В В  в”‚В В  в”‚В В  в”њв”Ђв”Ђ financial_factor.cpython-313.pyc
в”‚В В  в”‚В В  в”‚В В  в”њв”Ђв”Ђ fiveday_factor.cpython-312.pyc
в”‚В В  в”‚В В  в”‚В В  в”њв”Ђв”Ђ fiveday_factor.cpython-313.pyc
в”‚В В  в”‚В В  в”‚В В  в”њв”Ђв”Ђ hy_diff_factor.cpython-312.pyc
в”‚В В  в”‚В В  в”‚В В  в”њв”Ђв”Ђ hy_diff_factor.cpython-313.pyc
в”‚В В  в”‚В В  в”‚В В  в”њв”Ђв”Ђ __init__.cpython-312.pyc
в”‚В В  в”‚В В  в”‚В В  в”њв”Ђв”Ђ __init__.cpython-313.pyc
в”‚В В  в”‚В В  в”‚В В  в”њв”Ђв”Ђ news_factor.cpython-312.pyc
в”‚В В  в”‚В В  в”‚В В  в”њв”Ђв”Ђ news_factor.cpython-313.pyc
в”‚В В  в”‚В В  в”‚В В  в”њв”Ђв”Ђ zj_flow_factor.cpython-312.pyc
в”‚В В  в”‚В В  в”‚В В  в””в”Ђв”Ђ zj_flow_factor.cpython-313.pyc
в”‚В В  в”‚В В  в”њв”Ђв”Ђ test
в”‚В В  в”‚В В  в”‚В В  в”њв”Ђв”Ђ dailych_factor.py
в”‚В В  в”‚В В  в”‚В В  в””в”Ђв”Ђ import time.ini
в”‚В В  в”‚В В  в””в”Ђв”Ђ zj_flow_factor.py
в”‚В В  в”њв”Ђв”Ђ __init__.py
в”‚В В  в”њв”Ђв”Ђ main.py
в”‚В В  в”њв”Ђв”Ђ __pycache__
в”‚В В  в”‚В В  в”њв”Ђв”Ђ data_fetcher.cpython-312.pyc
в”‚В В  в”‚В В  в”њв”Ђв”Ђ __init__.cpython-311.pyc
в”‚В В  в”‚В В  в”њв”Ђв”Ђ __init__.cpython-312.pyc
в”‚В В  в”‚В В  в”њв”Ђв”Ђ __init__.cpython-313.pyc
в”‚В В  в”‚В В  в”њв”Ђв”Ђ __init__.cpython-38.pyc
в”‚В В  в”‚В В  в”њв”Ђв”Ђ main.cpython-311.pyc
в”‚В В  в”‚В В  в”њв”Ђв”Ђ main.cpython-312.pyc
в”‚В В  в”‚В В  в”њв”Ђв”Ђ main.cpython-38.pyc
в”‚В В  в”‚В В  в”њв”Ђв”Ђ selectors.cpython-312.pyc
в”‚В В  в”‚В В  в”њв”Ђв”Ђ test.cpython-312.pyc
в”‚В В  в”‚В В  в””в”Ђв”Ђ utils.cpython-313.pyc
в”‚В В  в”њв”Ђв”Ђ result
в”‚В В  в”‚В В  в”њв”Ђв”Ђ batch_result_20260308.csv
в”‚В В  в”‚В В  в”њв”Ђв”Ђ batch_result_20260309.csv
в”‚В В  в”‚В В  в”њв”Ђв”Ђ batch_result_20260310.csv
в”‚В В  в”‚В В  в””в”Ђв”Ђ batch_result_20260311.csv
в”‚В В  в”њв”Ђв”Ђ sel.py
в”‚В В  в”њв”Ђв”Ђ test.py
в”‚В В  в”њв”Ђв”Ђ tracker.py
в”‚В В  в””в”Ђв”Ђ utils.py
в”њв”Ђв”Ђ stock_full_pool.csv
в”њв”Ђв”Ђ stock_pool.csv
в”њв”Ђв”Ђ stock_test.csv
в”њв”Ђв”Ђ venv
в”‚В В  в”њв”Ђв”Ђ bin
в”‚В В  в”‚В В  в”њв”Ђв”Ђ activate
в”‚В В  в”‚В В  в”њв”Ђв”Ђ activate.csh
в”‚В В  в”‚В В  в”њв”Ђв”Ђ activate.fish
в”‚В В  в”‚В В  в”њв”Ђв”Ђ Activate.ps1
в”‚В В  в”‚В В  в”њв”Ђв”Ђ coverage
в”‚В В  в”‚В В  в”њв”Ђв”Ђ coverage3
в”‚В В  в”‚В В  в”њв”Ђв”Ђ coverage-3.13
в”‚В В  в”‚В В  в”њв”Ђв”Ђ curl-cffi
в”‚В В  в”‚В В  в”њв”Ђв”Ђ f2py
в”‚В В  в”‚В В  в”њв”Ђв”Ђ normalizer
в”‚В В  в”‚В В  в”њв”Ђв”Ђ numpy-config
в”‚В В  в”‚В В  в”њв”Ђв”Ђ pip
в”‚В В  в”‚В В  в”њв”Ђв”Ђ pip3
в”‚В В  в”‚В В  в”њв”Ђв”Ђ pip3.13
в”‚В В  в”‚В В  в”њв”Ђв”Ђ __pycache__
в”‚В В  в”‚В В  в”‚В В  в””в”Ђв”Ђ runxlrd.cpython-313.pyc
в”‚В В  в”‚В В  в”њв”Ђв”Ђ pygmentize
в”‚В В  в”‚В В  в”њв”Ђв”Ђ py.test
в”‚В В  в”‚В В  в”њв”Ђв”Ђ pytest
в”‚В В  в”‚В В  в”њв”Ђв”Ђ python -> python3.13
в”‚В В  в”‚В В  в”њв”Ђв”Ђ python3 -> python3.13
в”‚В В  в”‚В В  в”њв”Ђв”Ђ python3.13 -> /usr/local/bin/python3.13
в”‚В В  в”‚В В  в”њв”Ђв”Ђ runxlrd.py
в”‚В В  в”‚В В  в”њв”Ђв”Ђ tabulate
в”‚В В  в”‚В В  в””в”Ђв”Ђ tqdm
в”‚В В  в”њв”Ђв”Ђ include
в”‚В В  в”‚В В  в””в”Ђв”Ђ python3.13
в”‚В В  в”њв”Ђв”Ђ lib
в”‚В В  в”‚В В  в””в”Ђв”Ђ python3.13
в”‚В В  в”‚В В      в””в”Ђв”Ђ site-packages
в”‚В В  в”‚В В          в”њв”Ђв”Ђ a1_coverage.pth
в”‚В В  в”‚В В          в”њв”Ђв”Ђ akracer-0.0.14.dist-info
в”‚В В  в”‚В В          в”њв”Ђв”Ђ akshare
в”‚В В  в”‚В В          в”њв”Ђв”Ђ akshare-1.18.34.dist-info
в”‚В В  в”‚В В          в”њв”Ђв”Ђ beautifulsoup4-4.14.3.dist-info
в”‚В В  в”‚В В          в”њв”Ђв”Ђ bs4
в”‚В В  в”‚В В          в”њв”Ђв”Ђ certifi
в”‚В В  в”‚В В          в”њв”Ђв”Ђ certifi-2026.2.25.dist-info
в”‚В В  в”‚В В          в”њв”Ђв”Ђ cffi
в”‚В В  в”‚В В          в”њв”Ђв”Ђ cffi-2.0.0.dist-info
в”‚В В  в”‚В В          в”њв”Ђв”Ђ _cffi_backend.cpython-313-x86_64-linux-gnu.so
в”‚В В  в”‚В В          в”њв”Ђв”Ђ charset_normalizer
в”‚В В  в”‚В В          в”њв”Ђв”Ђ charset_normalizer-3.4.4.dist-info
в”‚В В  в”‚В В          в”њв”Ђв”Ђ coverage
в”‚В В  в”‚В В          в”њв”Ђв”Ђ coverage-7.13.4.dist-info
в”‚В В  в”‚В В          в”њв”Ђв”Ђ curl_cffi
в”‚В В  в”‚В В          в”њв”Ђв”Ђ curl_cffi-0.14.0.dist-info
в”‚В В  в”‚В В          в”њв”Ђв”Ђ dateutil
в”‚В В  в”‚В В          в”њв”Ђв”Ђ decorator-5.2.1.dist-info
в”‚В В  в”‚В В          в”њв”Ђв”Ђ decorator.py
в”‚В В  в”‚В В          в”њв”Ђв”Ђ et_xmlfile
в”‚В В  в”‚В В          в”њв”Ђв”Ђ et_xmlfile-2.0.0.dist-info
в”‚В В  в”‚В В          в”њв”Ђв”Ђ html5lib
в”‚В В  в”‚В В          в”њв”Ђв”Ђ html5lib-1.1.dist-info
в”‚В В  в”‚В В          в”њв”Ђв”Ђ idna
в”‚В В  в”‚В В          в”њв”Ђв”Ђ idna-3.11.dist-info
в”‚В В  в”‚В В          в”њв”Ђв”Ђ iniconfig
в”‚В В  в”‚В В          в”њв”Ђв”Ђ iniconfig-2.3.0.dist-info
в”‚В В  в”‚В В          в”њв”Ђв”Ђ jsonpath-0.82.2.dist-info
в”‚В В  в”‚В В          в”њв”Ђв”Ђ jsonpath.py
в”‚В В  в”‚В В          в”њв”Ђв”Ђ lxml
в”‚В В  в”‚В В          в”њв”Ђв”Ђ lxml-6.0.2.dist-info
в”‚В В  в”‚В В          в”њв”Ђв”Ђ mock
в”‚В В  в”‚В В          в”њв”Ђв”Ђ mock-5.2.0.dist-info
в”‚В В  в”‚В В          в”њв”Ђв”Ђ numpy
в”‚В В  в”‚В В          в”њв”Ђв”Ђ numpy-2.4.2.dist-info
в”‚В В  в”‚В В          в”њв”Ђв”Ђ numpy.libs
в”‚В В  в”‚В В          в”њв”Ђв”Ђ openpyxl
в”‚В В  в”‚В В          в”њв”Ђв”Ђ openpyxl-3.1.5.dist-info
в”‚В В  в”‚В В          в”њв”Ђв”Ђ packaging
в”‚В В  в”‚В В          в”њв”Ђв”Ђ packaging-26.0.dist-info
в”‚В В  в”‚В В          в”њв”Ђв”Ђ pandas
в”‚В В  в”‚В В          в”њв”Ђв”Ђ pandas-3.0.1.dist-info
в”‚В В  в”‚В В          в”њв”Ђв”Ђ pip
в”‚В В  в”‚В В          в”њв”Ђв”Ђ pip-25.3.dist-info
в”‚В В  в”‚В В          в”њв”Ђв”Ђ pluggy
в”‚В В  в”‚В В          в”њв”Ђв”Ђ pluggy-1.6.0.dist-info
в”‚В В  в”‚В В          в”њв”Ђв”Ђ __pycache__
в”‚В В  в”‚В В          в”њв”Ђв”Ђ pycparser
в”‚В В  в”‚В В          в”њв”Ђв”Ђ pycparser-3.0.dist-info
в”‚В В  в”‚В В          в”њв”Ђв”Ђ pygments
в”‚В В  в”‚В В          в”њв”Ђв”Ђ pygments-2.19.2.dist-info
в”‚В В  в”‚В В          в”њв”Ђв”Ђ py_mini_racer
в”‚В В  в”‚В В          в”њв”Ђв”Ђ py_mini_racer-0.6.0.dist-info
в”‚В В  в”‚В В          в”њв”Ђв”Ђ py.py
в”‚В В  в”‚В В          в”њв”Ђв”Ђ _pytest
в”‚В В  в”‚В В          в”њв”Ђв”Ђ pytest
в”‚В В  в”‚В В          в”њв”Ђв”Ђ pytest-9.0.2.dist-info
в”‚В В  в”‚В В          в”њв”Ђв”Ђ pytest_cov
в”‚В В  в”‚В В          в”њв”Ђв”Ђ pytest_cov-7.0.0.dist-info
в”‚В В  в”‚В В          в”њв”Ђв”Ђ python_dateutil-2.9.0.post0.dist-info
в”‚В В  в”‚В В          в”њв”Ђв”Ђ requests
в”‚В В  в”‚В В          в”њв”Ђв”Ђ requests-2.32.5.dist-info
в”‚В В  в”‚В В          в”њв”Ђв”Ђ six-1.17.0.dist-info
в”‚В В  в”‚В В          в”њв”Ђв”Ђ six.py
в”‚В В  в”‚В В          в”њв”Ђв”Ђ soupsieve
в”‚В В  в”‚В В          в”њв”Ђв”Ђ soupsieve-2.8.3.dist-info
в”‚В В  в”‚В В          в”њв”Ђв”Ђ tabulate
в”‚В В  в”‚В В          в”њв”Ђв”Ђ tabulate-0.9.0.dist-info
в”‚В В  в”‚В В          в”њв”Ђв”Ђ tqdm
в”‚В В  в”‚В В          в”њв”Ђв”Ђ tqdm-4.67.3.dist-info
в”‚В В  в”‚В В          в”њв”Ђв”Ђ typing_extensions-4.15.0.dist-info
в”‚В В  в”‚В В          в”њв”Ђв”Ђ typing_extensions.py
в”‚В В  в”‚В В          в”њв”Ђв”Ђ urllib3
в”‚В В  в”‚В В          в”њв”Ђв”Ђ urllib3-2.6.3.dist-info
в”‚В В  в”‚В В          в”њв”Ђв”Ђ webencodings
в”‚В В  в”‚В В          в”њв”Ђв”Ђ webencodings-0.5.1.dist-info
в”‚В В  в”‚В В          в”њв”Ђв”Ђ xlrd
в”‚В В  в”‚В В          в””в”Ђв”Ђ xlrd-2.0.2.dist-info
в”‚В В  в”њв”Ђв”Ђ lib64 -> lib
в”‚В В  в””в”Ђв”Ђ pyvenv.cfg
в””в”Ђв”Ђ web
    в”њв”Ђв”Ђ app.py
    в””в”Ђв”Ђ components
        в”њв”Ђв”Ђ backtest_page.py
        в””в”Ђв”Ђ score_dashboard.py

98 directories, 115 files
